    Updating registry at `~/.julia/registries/General`
   Resolving package versions...
  No Changes to `~/.julia/environments/v1.6/Project.toml`
  No Changes to `~/.julia/environments/v1.6/Manifest.toml`
   Resolving package versions...
  No Changes to `~/.julia/environments/v1.6/Project.toml`
  No Changes to `~/.julia/environments/v1.6/Manifest.toml`
   Resolving package versions...
  No Changes to `~/.julia/environments/v1.6/Project.toml`
  No Changes to `~/.julia/environments/v1.6/Manifest.toml`
   Resolving package versions...
  No Changes to `~/.julia/environments/v1.6/Project.toml`
  No Changes to `~/.julia/environments/v1.6/Manifest.toml`
   Resolving package versions...
  No Changes to `~/.julia/environments/v1.6/Project.toml`
  No Changes to `~/.julia/environments/v1.6/Manifest.toml`
   Resolving package versions...
  No Changes to `~/.julia/environments/v1.6/Project.toml`
  No Changes to `~/.julia/environments/v1.6/Manifest.toml`
   Resolving package versions...
  No Changes to `~/.julia/environments/v1.6/Project.toml`
  No Changes to `~/.julia/environments/v1.6/Manifest.toml`
Network 
Cold
WithAppDecisions
MidEI
MidBuild
Nodal GasQuality
Mid Biomethane
Low Industrials
Low buildingretrofits
NoOffsets
NoGasDistRet
Mid Cost Clean Elec
Mid Cost Clean Gas
Estimated Revenue Requirement = 19900000 per year
Estimated Ratebase = 1.3776923076923075e8
BAU Gas Costs = 1.954491862568545e7
ShutDown Gas Costs = [3.0125538461538464e7, 0.0, 0.0, 0.0, 0.0]
BAU Gas Costs = 1.9110412500855714e7
ShutDown Gas Costs = [2.3746405594405595e7, 8.216055944055943e6, 0.0, 0.0, 0.0]
BAU Gas Costs = 1.8686660944391694e7
ShutDown Gas Costs = [1.9149923076923072e7, 1.0883769230769228e7, 3.765692307692308e6, 0.0, 0.0]
BAU Gas Costs = 1.8273397767316706e7
ShutDown Gas Costs = [1.6322373626373624e7, 1.0942813186813187e7, 6.219296703296704e6, 2.1518241758241765e6, 0.0]
┌ Warning: Axis contains one element: 1. If intended, you can safely ignore this warning. To explicitly pass the axis with one element, pass `[1]` instead of `1`.
└ @ JuMP.Containers ~/.julia/packages/JuMP/lnUbA/src/Containers/DenseAxisArray.jl:166
Gurobi Optimizer version 9.0.3 build v9.0.3rc0 (linux64)
Optimize a model with 4865604 rows, 369845 columns and 31154477 nonzeros
Model fingerprint: 0x194d6632
Model has 1440 quadratic constraints
Coefficient statistics:
  Matrix range     [1e-05, 2e+06]
  QMatrix range    [1e+00, 1e+00]
  QLMatrix range   [3e+03, 1e+05]
  Objective range  [1e-03, 8e+06]
  Bounds range     [1e+00, 3e+01]
  RHS range        [1e-02, 4e+06]
Presolve removed 4166585 rows and 82675 columns (presolve time = 5s) ...
Presolve removed 4264218 rows and 141924 columns
Presolve time: 7.72s
Presolved: 604266 rows, 276881 columns, 4089922 nonzeros
Presolved model has 720 second-order cone constraints

Warning: Thread count (128) is larger than core count (24)
         Reduce the value of the Threads parameter to improve performance

Elapsed ordering time = 5s
Ordering time: 14.88s
Elapsed ordering time = 16s
Elapsed ordering time = 20s
Elapsed ordering time = 26s
Elapsed ordering time = 32s
Elapsed ordering time = 35s
Elapsed ordering time = 40s
Elapsed ordering time = 45s
Elapsed ordering time = 50s
Ordering time: 52.94s

Barrier statistics:
 Dense cols : 391
 AA' NZ     : 1.599e+08
 Factor NZ  : 2.753e+08 (roughly 2.6 GBytes of memory)
 Factor Ops : 4.315e+11 (roughly 2 seconds per iteration)
 Threads    : 128

                  Objective                Residual
Iter       Primal          Dual         Primal    Dual     Compl     Time
   0   1.52006448e+13 -4.59901929e+14  2.33e+09 3.05e+04  1.01e+11    93s
   1   1.53736682e+13 -4.48378586e+14  2.14e+09 2.62e+04  9.02e+10   132s
   2   1.55379417e+13 -4.41956887e+14  2.04e+09 2.48e+04  8.57e+10   152s
   3   1.57816885e+13 -4.25785329e+14  1.82e+09 2.19e+04  7.65e+10   199s
   4   1.40508820e+13 -3.54532769e+14  1.47e+09 1.83e+04  5.64e+10   227s
   5   1.27358226e+13 -2.47582726e+14  1.23e+09 1.28e+04  3.82e+10   247s
   6   1.12963113e+13 -1.90126920e+14  1.00e+09 9.91e+03  2.71e+10   268s
   7   9.62727680e+12 -1.32785010e+14  7.68e+08 6.97e+03  1.76e+10   290s
   8   8.01796910e+12 -9.44271473e+13  5.92e+08 4.97e+03  1.18e+10   312s
   9   6.27946286e+12 -5.63625486e+13  4.40e+08 2.98e+03  7.10e+09   335s
  10   4.56870367e+12 -3.29583855e+13  3.07e+08 1.75e+03  4.05e+09   358s
  11   2.46492474e+12 -1.40184862e+13  1.57e+08 7.44e+02  1.58e+09   380s
  12   1.03733506e+12 -5.72203311e+12  6.44e+07 3.05e+02  5.01e+08   413s
  13   4.17723703e+11 -3.05755832e+12  2.46e+07 1.64e+02  1.67e+08   433s
  14   3.05364832e+11 -2.25308983e+12  1.77e+07 1.21e+02  1.12e+08   452s
  15   1.96639948e+11 -1.83638895e+12  1.12e+07 9.85e+01  6.75e+07   467s
  16   7.03836130e+10 -5.16651504e+11  3.76e+06 2.80e+01  1.71e+07   493s
  17   2.93196730e+10 -2.18058999e+11  1.54e+06 1.18e+01  4.60e+06   526s
  18   1.20235615e+10 -1.33753879e+11  6.24e+05 7.26e+00  1.49e+06   549s
  19   6.23867929e+09 -5.56705970e+10  3.23e+05 3.03e+00  5.01e+05   570s
  20   2.85806572e+09 -2.98966493e+10  1.51e+05 1.62e+00  1.80e+05   585s
  21   1.61321714e+09 -1.37011856e+10  8.52e+04 7.44e-01  7.03e+04   604s
  22   1.14749989e+09 -9.33451462e+09  5.99e+04 5.07e-01  4.28e+04   619s
  23   9.87137753e+08 -7.43484821e+09  5.10e+04 4.04e-01  3.29e+04   637s
  24   7.93041566e+08 -5.10812866e+09  4.06e+04 2.78e-01  2.15e+04   653s
  25   5.28219401e+08 -3.24138027e+09  2.59e+04 1.78e-01  1.20e+04   689s
  26   4.30337985e+08 -2.14345176e+09  2.04e+04 1.19e-01  7.65e+03   713s
  27   3.29879898e+08 -1.41301426e+09  1.48e+04 7.94e-02  4.75e+03   748s
  28   2.63896315e+08 -9.35187748e+08  1.11e+04 5.38e-02  3.04e+03   806s
  29   1.89809443e+08 -6.58337480e+08  7.14e+03 3.88e-02  1.92e+03   830s
  30   1.68963876e+08 -4.08490925e+08  5.99e+03 2.53e-02  1.29e+03   853s
  31   1.48348418e+08 -3.07954633e+08  4.58e+03 2.00e-02  9.60e+02   899s
  32   1.34513499e+08 -1.97926639e+08  3.82e+03 1.41e-02  6.81e+02   950s
  33   1.20632215e+08 -1.36652166e+08  3.02e+03 1.09e-02  5.07e+02   979s
  34   1.11178312e+08 -1.23867565e+08  2.48e+03 1.02e-02  4.47e+02  1001s
  35   1.07484522e+08 -6.63778057e+07  2.28e+03 6.99e-03  3.29e+02  1038s
  36   1.00357979e+08 -4.47069628e+07  1.92e+03 5.72e-03  2.68e+02  1075s
  37   9.72872282e+07 -2.87500052e+07  1.80e+03 4.79e-03  2.32e+02  1105s
  38   9.16693803e+07 -1.23102494e+07  1.58e+03 3.77e-03  1.89e+02  1131s
  39   8.56326572e+07 -1.31800727e+06  1.38e+03 3.05e-03  1.57e+02  1161s
  40   8.24192089e+07  5.07449625e+06  1.28e+03 2.56e-03  1.39e+02  1187s
  41   7.94938945e+07  1.11765060e+07  1.18e+03 2.15e-03  1.23e+02  1220s
  42   7.65744016e+07  1.53973418e+07  1.08e+03 1.88e-03  1.10e+02  1243s
  43   6.96125775e+07  2.09025503e+07  8.37e+02 1.51e-03  8.64e+01  1267s
  44   6.77136408e+07  2.56544120e+07  7.75e+02 1.17e-03  7.47e+01  1310s
  45   6.37624846e+07  2.88098177e+07  6.44e+02 9.76e-04  6.22e+01  1337s
  46   6.25528617e+07  2.95470005e+07  6.02e+02 9.32e-04  5.86e+01  1358s
  47   6.20061271e+07  3.17372947e+07  5.77e+02 7.93e-04  5.39e+01  1402s
  48   6.06447860e+07  3.26029950e+07  5.31e+02 7.39e-04  4.99e+01  1434s
  49   5.96600188e+07  3.44356637e+07  4.96e+02 6.29e-04  4.53e+01  1471s
  50   5.90120451e+07  3.48926609e+07  4.72e+02 6.04e-04  4.33e+01  1528s
  51   5.80577828e+07  3.56881322e+07  4.38e+02 5.57e-04  4.02e+01  1545s
  52   5.71176256e+07  3.61745820e+07  4.05e+02 5.29e-04  3.76e+01  1570s
  53   5.72854768e+07  3.64417800e+07  3.98e+02 5.17e-04  3.73e+01  1601s
  54   5.62155725e+07  3.78671615e+07  3.64e+02 4.34e-04  3.31e+01  1625s
  55   5.53784046e+07  3.83596302e+07  3.35e+02 4.07e-04  3.06e+01  1655s
  56   5.40794973e+07  3.90650167e+07  2.85e+02 3.71e-04  2.68e+01  1704s
  57   5.37439353e+07  3.93935878e+07  2.73e+02 3.53e-04  2.57e+01  1741s
  58   5.29764977e+07  3.96853223e+07  2.47e+02 3.36e-04  2.37e+01  1776s
  59   5.24839814e+07  4.04344292e+07  2.30e+02 2.93e-04  2.16e+01  1830s
  60   5.21024645e+07  4.06553066e+07  2.16e+02 2.81e-04  2.05e+01  1862s
  61   5.29276600e+07  4.08689247e+07  2.12e+02 2.70e-04  2.11e+01  1904s
  62   5.22396660e+07  4.17400458e+07  1.89e+02 2.17e-04  1.85e+01  1954s
  63   5.11803346e+07  4.24261576e+07  1.61e+02 1.76e-04  1.55e+01  2000s
  64   5.09583785e+07  4.27386613e+07  1.53e+02 1.61e-04  1.46e+01  2043s
  65   5.06815915e+07  4.29064920e+07  1.46e+02 1.52e-04  1.39e+01  2091s
  66   5.05575398e+07  4.31763816e+07  1.41e+02 1.39e-04  1.33e+01  2137s
  67   5.02852953e+07  4.33917621e+07  1.33e+02 1.26e-04  1.25e+01  2185s
  68   4.98847458e+07  4.36325691e+07  1.21e+02 1.13e-04  1.13e+01  2232s
  69   4.90287780e+07  4.40452866e+07  9.66e+01 9.06e-05  9.01e+00  2279s
  70   4.88713338e+07  4.42401236e+07  9.18e+01 8.13e-05  8.42e+00  2313s
  71   4.82251667e+07  4.43831738e+07  7.25e+01 7.43e-05  6.93e+00  2360s
  72   4.80404977e+07  4.47149227e+07  6.61e+01 5.92e-05  6.07e+00  2403s
  73   4.77618104e+07  4.49480336e+07  5.65e+01 4.90e-05  5.15e+00  2450s
  74   4.75039737e+07  4.52710018e+07  4.74e+01 3.57e-05  4.14e+00  2495s
  75   4.74762426e+07  4.54032572e+07  4.61e+01 3.10e-05  3.91e+00  2534s
  76   4.74308571e+07  4.54149168e+07  4.38e+01 3.03e-05  3.76e+00  2581s
  77   4.72826564e+07  4.55178547e+07  3.81e+01 2.66e-05  3.29e+00  2630s
  78   4.70994604e+07  4.57255800e+07  3.13e+01 1.86e-05  2.60e+00  2677s
  79   4.69778120e+07  4.58164335e+07  2.67e+01 1.55e-05  2.20e+00  2723s
  80   4.69131005e+07  4.58862684e+07  2.42e+01 1.32e-05  1.97e+00  2769s
  81   4.68980429e+07  4.58953290e+07  2.33e+01 1.30e-05  1.92e+00  2815s
  82   4.68494738e+07  4.59757553e+07  2.14e+01 1.03e-05  1.70e+00  2836s
  83   4.66935579e+07  4.60339370e+07  1.54e+01 8.37e-06  1.27e+00  2873s
  84   4.65883478e+07  4.60941913e+07  1.13e+01 6.44e-06  9.44e-01  2914s
  85   4.65378664e+07  4.61149082e+07  9.28e+00 5.82e-06  7.99e-01  2958s
  86   4.64796457e+07  4.61518380e+07  7.02e+00 4.65e-06  6.16e-01  3009s
  87   4.64589071e+07  4.61642281e+07  6.20e+00 4.26e-06  5.51e-01  3055s
  88   4.64520072e+07  4.61810344e+07  5.93e+00 3.74e-06  5.13e-01  3106s
  89   4.64328484e+07  4.61915329e+07  5.14e+00 3.43e-06  4.54e-01  3152s
  90   4.64220737e+07  4.62147293e+07  4.69e+00 2.72e-06  3.97e-01  3200s
  91   4.63831347e+07  4.62271226e+07  3.08e+00 2.36e-06  2.88e-01  3248s
  92   4.63615328e+07  4.62478816e+07  2.27e+00 1.74e-06  2.10e-01  3293s
  93   4.63499005e+07  4.62623466e+07  1.85e+00 1.29e-06  1.65e-01  3337s
  94   4.63365804e+07  4.62708333e+07  1.36e+00 1.02e-06  1.23e-01  3382s
  95   4.63321719e+07  4.62738267e+07  1.20e+00 9.11e-07  1.09e-01  3430s
  96   4.63260090e+07  4.62815731e+07  9.66e-01 6.67e-07  8.44e-02  3476s
  97   4.63217089e+07  4.62874515e+07  8.06e-01 5.53e-07  6.68e-02  3522s
  98   4.63142935e+07  4.62944551e+07  5.31e-01 3.08e-07  4.04e-02  3569s
  99   4.63125844e+07  4.62968290e+07  4.69e-01 1.03e-07  3.26e-02  3615s
 100   4.63097926e+07  4.62972437e+07  3.64e-01 9.09e-08  2.57e-02  3654s
 101   4.63085885e+07  4.62977420e+07  3.18e-01 8.45e-08  2.24e-02  3684s
 102   4.63076994e+07  4.62982088e+07  2.84e-01 7.70e-08  1.98e-02  3716s
 103   4.63070253e+07  4.62986128e+07  2.60e-01 7.72e-08  1.78e-02  3754s
 104   4.63056044e+07  4.62990548e+07  2.06e-01 7.52e-08  1.40e-02  3802s
 105   4.63051562e+07  4.62992284e+07  1.91e-01 9.92e-08  1.23e-02  3841s
 106   4.63042274e+07  4.62993824e+07  1.56e-01 8.63e-08  1.00e-02  3933s
 107   4.63022104e+07  4.62999241e+07  7.84e-02 4.89e-08  4.97e-03  3997s
 108   4.63019649e+07  4.63000498e+07  6.94e-02 2.62e-08  4.24e-03  4116s
 109   4.63017453e+07  4.63000911e+07  6.14e-02 1.59e-08  3.71e-03  4236s
 110   4.63009964e+07  4.63001219e+07  3.20e-02 5.98e-09  1.94e-03  4355s
 111   4.63007671e+07  4.63001466e+07  2.29e-02 5.81e-08  1.39e-03  4491s
 112   4.63005442e+07  4.63001624e+07  1.42e-02 4.13e-08  8.54e-04  4626s
 113   4.63005097e+07  4.63001657e+07  1.28e-02 3.69e-08  7.70e-04  4784s
 114   4.63004558e+07  4.63001722e+07  1.06e-02 2.86e-08  6.36e-04  4919s
 115   4.63004148e+07  4.63001750e+07  8.93e-03 2.02e-08  5.34e-04  5198s
 116   4.63003997e+07  4.63001771e+07  8.32e-03 2.81e-08  4.98e-04  5416s
 117   4.63003906e+07  4.63001799e+07  7.95e-03 3.39e-08  4.75e-04  5657s
 118   4.63003042e+07  4.63001912e+07  4.41e-03 1.17e-07  2.63e-04  5828s
 119   4.63003041e+07  4.63001912e+07  4.41e-03 1.16e-07  2.63e-04  5874s
 120   4.63003041e+07  4.63001912e+07  4.41e-03 1.17e-07  2.63e-04  5958s
 121   4.63003042e+07  4.63001912e+07  4.41e-03 1.17e-07  2.63e-04  6014s
 122   4.63003041e+07  4.63001912e+07  4.41e-03 1.15e-07  2.63e-04  6123s
 123   4.63003041e+07  4.63001912e+07  4.40e-03 1.14e-07  2.63e-04  6200s
 124   4.63003038e+07  4.63001914e+07  4.39e-03 1.08e-07  2.62e-04  6352s
 125   4.63003038e+07  4.63001914e+07  4.39e-03 1.09e-07  2.62e-04  6470s
 126   4.63003038e+07  4.63001914e+07  4.39e-03 1.09e-07  2.62e-04  6572s
 127   4.63003038e+07  4.63001915e+07  4.39e-03 1.08e-07  2.62e-04  6682s
 128   4.63003037e+07  4.63001915e+07  4.39e-03 1.02e-07  2.62e-04  6783s

Barrier solved model in 128 iterations and 6782.78 seconds
Optimal objective 4.63004148e+07


User-callback calls 171568, time in user-callback 0.70 sec
slurmstepd: error: *** JOB 44797668 ON sh02-10n69 CANCELLED AT 2022-02-08T18:30:51 DUE TO TIME LIMIT ***
slurmstepd: error: *** STEP 44797668.0 ON sh02-10n69 CANCELLED AT 2022-02-08T18:30:51 DUE TO TIME LIMIT ***
