    Updating registry at `~/.julia/registries/General`
   Resolving package versions...
  No Changes to `~/.julia/environments/v1.6/Project.toml`
  No Changes to `~/.julia/environments/v1.6/Manifest.toml`
   Resolving package versions...
  No Changes to `~/.julia/environments/v1.6/Project.toml`
  No Changes to `~/.julia/environments/v1.6/Manifest.toml`
   Resolving package versions...
  No Changes to `~/.julia/environments/v1.6/Project.toml`
  No Changes to `~/.julia/environments/v1.6/Manifest.toml`
   Resolving package versions...
  No Changes to `~/.julia/environments/v1.6/Project.toml`
  No Changes to `~/.julia/environments/v1.6/Manifest.toml`
   Resolving package versions...
  No Changes to `~/.julia/environments/v1.6/Project.toml`
  No Changes to `~/.julia/environments/v1.6/Manifest.toml`
   Resolving package versions...
  No Changes to `~/.julia/environments/v1.6/Project.toml`
  No Changes to `~/.julia/environments/v1.6/Manifest.toml`
   Resolving package versions...
  No Changes to `~/.julia/environments/v1.6/Project.toml`
  No Changes to `~/.julia/environments/v1.6/Manifest.toml`
Network 
Cold
WithAppDecisions
MidEI
MidBuild
Nodal GasQuality
Mid Biomethane
Low Industrials
Low buildingretrofits
NoOffsets
NoGasDistRet
Mid Cost Clean Elec
Mid Cost Clean Gas
Estimated Revenue Requirement = 19900000 per year
Estimated Ratebase = 1.3776923076923075e8
BAU Gas Costs = 1.954491862568545e7
ShutDown Gas Costs = [3.0125538461538464e7, 0.0, 0.0, 0.0, 0.0]
BAU Gas Costs = 1.9110412500855714e7
ShutDown Gas Costs = [2.3746405594405595e7, 8.216055944055943e6, 0.0, 0.0, 0.0]
BAU Gas Costs = 1.8686660944391694e7
ShutDown Gas Costs = [1.9149923076923072e7, 1.0883769230769228e7, 3.765692307692308e6, 0.0, 0.0]
BAU Gas Costs = 1.8273397767316706e7
ShutDown Gas Costs = [1.6322373626373624e7, 1.0942813186813187e7, 6.219296703296704e6, 2.1518241758241765e6, 0.0]
┌ Warning: Axis contains one element: 1. If intended, you can safely ignore this warning. To explicitly pass the axis with one element, pass `[1]` instead of `1`.
└ @ JuMP.Containers ~/.julia/packages/JuMP/lnUbA/src/Containers/DenseAxisArray.jl:166
┌ Warning: Axis contains one element: 1. If intended, you can safely ignore this warning. To explicitly pass the axis with one element, pass `[1]` instead of `1`.
└ @ JuMP.Containers ~/.julia/packages/JuMP/lnUbA/src/Containers/DenseAxisArray.jl:166
┌ Warning: Axis contains one element: 1. If intended, you can safely ignore this warning. To explicitly pass the axis with one element, pass `[1]` instead of `1`.
└ @ JuMP.Containers ~/.julia/packages/JuMP/lnUbA/src/Containers/DenseAxisArray.jl:166
┌ Warning: Axis contains one element: 1. If intended, you can safely ignore this warning. To explicitly pass the axis with one element, pass `[1]` instead of `1`.
└ @ JuMP.Containers ~/.julia/packages/JuMP/lnUbA/src/Containers/DenseAxisArray.jl:166
┌ Warning: Axis contains one element: 1. If intended, you can safely ignore this warning. To explicitly pass the axis with one element, pass `[1]` instead of `1`.
└ @ JuMP.Containers ~/.julia/packages/JuMP/lnUbA/src/Containers/DenseAxisArray.jl:166
┌ Warning: Axis contains one element: 1. If intended, you can safely ignore this warning. To explicitly pass the axis with one element, pass `[1]` instead of `1`.
└ @ JuMP.Containers ~/.julia/packages/JuMP/lnUbA/src/Containers/DenseAxisArray.jl:166
┌ Warning: Axis contains one element: 1. If intended, you can safely ignore this warning. To explicitly pass the axis with one element, pass `[1]` instead of `1`.
└ @ JuMP.Containers ~/.julia/packages/JuMP/lnUbA/src/Containers/DenseAxisArray.jl:166
┌ Warning: Axis contains one element: 1. If intended, you can safely ignore this warning. To explicitly pass the axis with one element, pass `[1]` instead of `1`.
└ @ JuMP.Containers ~/.julia/packages/JuMP/lnUbA/src/Containers/DenseAxisArray.jl:166
┌ Warning: Axis contains one element: 1. If intended, you can safely ignore this warning. To explicitly pass the axis with one element, pass `[1]` instead of `1`.
└ @ JuMP.Containers ~/.julia/packages/JuMP/lnUbA/src/Containers/DenseAxisArray.jl:166
Gurobi Optimizer version 9.0.3 build v9.0.3rc0 (linux64)
Optimize a model with 4996909 rows, 426135 columns and 31855173 nonzeros
Model fingerprint: 0x53bfea3a
Model has 1680 quadratic constraints
Coefficient statistics:
  Matrix range     [1e-05, 2e+06]
  QMatrix range    [1e+00, 1e+00]
  QLMatrix range   [3e+03, 1e+05]
  Objective range  [1e-03, 8e+06]
  Bounds range     [1e+00, 3e+01]
  RHS range        [1e-02, 4e+06]
Presolve removed 4262715 rows and 168789 columns (presolve time = 5s) ...
Presolve removed 4321585 rows and 168789 columns
Presolve time: 6.08s
Presolved: 678684 rows, 314466 columns, 4673087 nonzeros
Presolved model has 840 second-order cone constraints

Warning: Thread count (128) is larger than core count (32)
         Reduce the value of the Threads parameter to improve performance

Ordering time: 12.73s
Elapsed ordering time = 14s
Elapsed ordering time = 15s
Elapsed ordering time = 26s
Elapsed ordering time = 31s
Elapsed ordering time = 36s
Elapsed ordering time = 40s
Elapsed ordering time = 45s
Elapsed ordering time = 52s
Elapsed ordering time = 55s
Elapsed ordering time = 60s
Elapsed ordering time = 65s
Elapsed ordering time = 70s
Ordering time: 74.61s

Barrier statistics:
 Dense cols : 220
 AA' NZ     : 3.599e+08
 Factor NZ  : 5.545e+08 (roughly 5.0 GBytes of memory)
 Factor Ops : 1.423e+12 (roughly 3 seconds per iteration)
 Threads    : 128

                  Objective                Residual
Iter       Primal          Dual         Primal    Dual     Compl     Time
   0   2.05790420e+13 -2.90467450e+14  3.05e+09 3.05e+04  1.05e+11   133s
   1   2.05866471e+13 -2.95120785e+14  2.81e+09 2.70e+04  9.46e+10   149s
   2   2.07366751e+13 -2.94259745e+14  2.58e+09 2.46e+04  8.66e+10   166s
   3   2.07629160e+13 -2.92266566e+14  2.41e+09 2.27e+04  8.10e+10   185s
   4   1.80827436e+13 -1.99642372e+14  1.96e+09 1.57e+04  5.04e+10   203s
   5   1.46394629e+13 -1.33319999e+14  1.42e+09 1.06e+04  2.87e+10   223s
   6   1.22734690e+13 -1.06937650e+14  1.07e+09 8.56e+03  1.95e+10   242s
   7   1.10177587e+13 -6.41665513e+13  9.09e+08 5.23e+03  1.25e+10   260s
   8   8.43190956e+12 -4.10417231e+13  6.31e+08 3.40e+03  6.91e+09   278s
   9   6.56046398e+12 -2.01633321e+13  4.62e+08 1.73e+03  3.66e+09   295s
  10   4.95357218e+12 -1.26288669e+13  3.38e+08 1.07e+03  2.15e+09   316s
  11   3.25631597e+12 -6.92067308e+12  2.17e+08 5.85e+02  1.11e+09   335s
  12   1.05642500e+12 -2.50160648e+12  6.73e+07 2.11e+02  2.44e+08   356s
  13   4.22812622e+11 -1.03234879e+12  2.68e+07 8.78e+01  7.65e+07   376s
  14   2.09408038e+11 -6.79605152e+11  1.32e+07 5.80e+01  3.40e+07   394s
  15   9.05290212e+10 -2.37689115e+11  5.65e+06 2.03e+01  9.68e+06   408s
  16   4.20337169e+10 -1.04731308e+11  2.67e+06 8.85e+00  3.11e+06   422s
  17   2.13585480e+10 -6.00987370e+10  1.40e+06 5.02e+00  1.21e+06   435s
  18   1.38956639e+10 -3.45418402e+10  9.23e+05 2.86e+00  5.90e+05   448s
  19   7.38875539e+09 -1.80977263e+10  5.07e+05 1.48e+00  2.30e+05   463s
  20   5.37659541e+09 -8.38065277e+09  3.74e+05 6.55e-01  1.15e+05   481s
  21   3.31311589e+09 -5.92380164e+09  2.46e+05 4.51e-01  6.19e+04   501s
  22   2.11261438e+09 -3.72156600e+09  1.64e+05 2.68e-01  3.22e+04   521s
  23   1.44012969e+09 -2.24020121e+09  1.18e+05 1.53e-01  1.73e+04   542s
  24   8.93079053e+08 -1.50252928e+09  7.83e+04 9.75e-02  9.53e+03   561s
  25   5.40536305e+08 -1.01704449e+09  4.88e+04 6.51e-02  5.17e+03   579s
  26   3.21344839e+08 -6.97623898e+08  2.98e+04 4.35e-02  2.89e+03   596s
  27   2.59982147e+08 -4.70460619e+08  2.36e+04 3.01e-02  1.92e+03   615s
  28   1.89355062e+08 -4.12222477e+08  1.61e+04 2.67e-02  1.41e+03   633s
  29   1.67047906e+08 -2.61467625e+08  1.36e+04 1.80e-02  9.67e+02   653s
  30   1.52728879e+08 -1.70486958e+08  1.19e+04 1.26e-02  7.13e+02   673s
  31   1.44123915e+08 -1.36151466e+08  1.09e+04 1.06e-02  6.09e+02   693s
  32   1.37117473e+08 -1.14592892e+08  1.02e+04 9.30e-03  5.40e+02   713s
  33   1.29269699e+08 -9.26874445e+07  9.33e+03 7.99e-03  4.70e+02   732s
  34   1.13747131e+08 -6.92406037e+07  7.62e+03 6.57e-03  3.72e+02   750s
  35   1.04884279e+08 -4.07686103e+07  6.70e+03 4.86e-03  2.91e+02   768s
  36   1.00804578e+08 -3.02804590e+07  6.26e+03 4.19e-03  2.60e+02   786s
  37   9.27052051e+07 -2.81547466e+07  5.35e+03 4.04e-03  2.34e+02   804s
  38   8.62964870e+07 -1.09087799e+07  4.80e+03 2.85e-03  1.89e+02   825s
  39   8.06777421e+07 -4.09462445e+06  4.32e+03 2.39e-03  1.64e+02   845s
  40   7.59687099e+07  8.61492773e+05  3.89e+03 2.06e-03  1.46e+02   865s
  41   7.25065384e+07  4.96144582e+06  3.56e+03 1.81e-03  1.31e+02   885s
  42   6.93222892e+07  7.24643241e+06  3.23e+03 1.68e-03  1.21e+02   903s
  43   6.70129645e+07  9.94849673e+06  2.86e+03 1.55e-03  1.10e+02   921s
  44   6.54320320e+07  1.50487144e+07  2.67e+03 1.28e-03  9.83e+01   939s
  45   6.33341196e+07  1.74768502e+07  2.44e+03 1.15e-03  8.97e+01   957s
  46   6.10382902e+07  1.95474750e+07  2.18e+03 1.05e-03  8.08e+01   978s
  47   5.94887845e+07  2.14145198e+07  2.00e+03 9.70e-04  7.43e+01   998s
  48   5.88300584e+07  2.21718373e+07  1.85e+03 9.39e-04  7.06e+01  1016s
  49   5.85819252e+07  2.33550855e+07  1.79e+03 8.90e-04  6.81e+01  1036s
  50   5.82105734e+07  2.38332291e+07  1.73e+03 8.71e-04  6.63e+01  1056s
  51   5.74922507e+07  2.60912277e+07  1.64e+03 7.77e-04  6.15e+01  1073s
  52   5.65135645e+07  2.81560749e+07  1.51e+03 6.87e-04  5.60e+01  1091s
  53   5.49367144e+07  2.98641087e+07  1.31e+03 6.16e-04  4.91e+01  1109s
  54   5.38824175e+07  3.20177255e+07  1.18e+03 5.25e-04  4.33e+01  1129s
  55   5.30503703e+07  3.24595950e+07  1.08e+03 5.07e-04  4.04e+01  1147s
  56   5.24308280e+07  3.60378348e+07  1.00e+03 3.51e-04  3.39e+01  1167s
  57   5.19941868e+07  3.74937831e+07  9.43e+02 2.92e-04  3.09e+01  1187s
  58   5.09153210e+07  3.80062260e+07  8.07e+02 2.72e-04  2.70e+01  1208s
  59   5.02441054e+07  3.89047980e+07  7.32e+02 2.36e-04  2.41e+01  1226s
  60   4.91693823e+07  4.00480526e+07  5.84e+02 1.92e-04  1.94e+01  1244s
  61   4.84576220e+07  4.08083174e+07  4.78e+02 1.63e-04  1.61e+01  1261s
  62   4.93442067e+07  4.13674251e+07  4.81e+02 1.53e-04  1.69e+01  1279s
  63   4.99972749e+07  4.14977177e+07  4.54e+02 1.50e-04  1.71e+01  1299s
  64   5.13529567e+07  4.20005187e+07  4.38e+02 1.44e-04  1.83e+01  1319s
  65   5.05028402e+07  4.26963413e+07  3.76e+02 1.23e-04  1.55e+01  1339s
  66   5.01291019e+07  4.34360132e+07  3.36e+02 1.01e-04  1.37e+01  1360s
  67   4.99295965e+07  4.41308187e+07  3.14e+02 8.22e-05  1.24e+01  1379s
  68   4.94894194e+07  4.45150132e+07  2.56e+02 7.26e-05  1.05e+01  1397s
  69   4.93253981e+07  4.50691258e+07  2.37e+02 5.86e-05  9.35e+00  1415s
  70   4.92684738e+07  4.53149385e+07  2.29e+02 5.32e-05  8.90e+00  1433s
  71   4.90432367e+07  4.54216070e+07  1.96e+02 5.07e-05  7.91e+00  1452s
  72   4.89237289e+07  4.55013760e+07  1.81e+02 4.87e-05  7.41e+00  1472s
  73   4.89049097e+07  4.56292050e+07  1.76e+02 4.56e-05  7.15e+00  1492s
  74   4.87498109e+07  4.56890560e+07  1.54e+02 4.40e-05  6.50e+00  1513s
  75   4.86877322e+07  4.58395256e+07  1.45e+02 4.08e-05  6.10e+00  1533s
  76   4.86306576e+07  4.59029259e+07  1.35e+02 3.94e-05  5.79e+00  1549s
  77   4.84974220e+07  4.62463740e+07  1.18e+02 3.14e-05  4.91e+00  1567s
  78   4.85157882e+07  4.64533834e+07  1.15e+02 2.70e-05  4.68e+00  1585s
  79   4.84046504e+07  4.66460690e+07  9.97e+01 2.26e-05  4.01e+00  1602s
  80   4.82839297e+07  4.68860571e+07  8.20e+01 1.76e-05  3.26e+00  1623s
  81   4.81839677e+07  4.70163138e+07  6.74e+01 1.49e-05  2.71e+00  1643s
  82   4.81442811e+07  4.71485990e+07  6.06e+01 1.22e-05  2.38e+00  1663s
  83   4.81325869e+07  4.71666177e+07  5.60e+01 1.19e-05  2.26e+00  1681s
  84   4.80974465e+07  4.72487479e+07  5.08e+01 1.03e-05  2.02e+00  1701s
  85   4.80701439e+07  4.73791321e+07  4.63e+01 7.72e-06  1.75e+00  1719s
  86   4.80193690e+07  4.74665478e+07  3.83e+01 5.98e-06  1.42e+00  1737s
  87   4.80037852e+07  4.75334121e+07  3.51e+01 4.74e-06  1.27e+00  1754s
  88   4.79483237e+07  4.75756684e+07  2.59e+01 3.97e-06  9.64e-01  1772s
  89   4.79311805e+07  4.76280251e+07  2.27e+01 3.05e-06  8.21e-01  1792s
  90   4.79289503e+07  4.76406166e+07  2.16e+01 2.87e-06  7.83e-01  1812s
  91   4.79205285e+07  4.76437424e+07  1.97e+01 2.82e-06  7.30e-01  1830s
  92   4.79072439e+07  4.76648781e+07  1.75e+01 2.43e-06  6.42e-01  1848s
  93   4.78916369e+07  4.77091407e+07  1.45e+01 1.69e-06  5.13e-01  1868s
  94   4.78663533e+07  4.77322503e+07  1.02e+01 1.31e-06  3.67e-01  1887s
  95   4.78526502e+07  4.77503840e+07  7.63e+00 1.03e-06  2.77e-01  1905s
  96   4.78429606e+07  4.77726146e+07  5.83e+00 7.31e-07  2.03e-01  1922s
  97   4.78347565e+07  4.77841724e+07  4.23e+00 5.34e-07  1.47e-01  1940s
  98   4.78319131e+07  4.77895687e+07  3.74e+00 4.33e-07  1.28e-01  1959s
  99   4.78308483e+07  4.77903655e+07  3.54e+00 4.15e-07  1.21e-01  1979s
 100   4.78303040e+07  4.77930981e+07  3.45e+00 3.53e-07  1.16e-01  1998s
 101   4.78284000e+07  4.77974701e+07  3.07e+00 2.73e-07  1.01e-01  2019s
 102   4.78249966e+07  4.77986784e+07  2.39e+00 2.56e-07  8.09e-02  2039s
 103   4.78214620e+07  4.78032594e+07  1.67e+00 1.68e-07  5.62e-02  2058s
 104   4.78192676e+07  4.78054288e+07  1.20e+00 1.44e-07  4.13e-02  2076s
 105   4.78185161e+07  4.78065021e+07  1.05e+00 1.32e-07  3.60e-02  2093s
 106   4.78171187e+07  4.78078838e+07  7.27e-01 1.16e-07  2.61e-02  2111s
 107   4.78164242e+07  4.78090839e+07  5.76e-01 1.03e-07  2.07e-02  2130s
 108   4.78162761e+07  4.78104762e+07  5.43e-01 9.76e-08  1.84e-02  2148s
 109   4.78156764e+07  4.78114360e+07  4.12e-01 9.06e-08  1.38e-02  2169s
 110   4.78152659e+07  4.78119840e+07  3.20e-01 6.69e-08  1.07e-02  2189s
 111   4.78148977e+07  4.78120471e+07  2.44e-01 6.47e-08  8.59e-03  2207s
 112   4.78144699e+07  4.78128392e+07  1.49e-01 3.78e-08  5.12e-03  2226s
 113   4.78142706e+07  4.78132783e+07  1.09e-01 1.60e-08  3.48e-03  2247s
 114   4.78140772e+07  4.78134965e+07  6.79e-02 1.46e-08  2.14e-03  2281s
 115   4.78140536e+07  4.78136057e+07  6.23e-02 1.70e-08  1.89e-03  2308s
 116   4.78139903e+07  4.78136339e+07  4.86e-02 1.62e-08  1.49e-03  2346s
 117   4.78138678e+07  4.78137120e+07  2.37e-02 1.73e-08  7.08e-04  2377s
 118   4.78138396e+07  4.78137471e+07  1.78e-02 2.24e-08  4.98e-04  2403s
 119   4.78138396e+07  4.78137471e+07  1.78e-02 2.24e-08  4.98e-04  2437s
 120   4.78138396e+07  4.78137471e+07  1.78e-02 2.24e-08  4.98e-04  2487s
 121   4.78137922e+07  4.78137642e+07  6.93e-03 1.90e-07  2.04e-04  2572s
 122   4.78137922e+07  4.78137642e+07  6.93e-03 1.90e-07  2.04e-04  2616s
 123   4.78138094e+07  4.78137642e+07  2.91e-01 1.90e-07  2.10e-04  2738s
 124   4.78138154e+07  4.78137642e+07  2.91e-01 1.90e-07  2.15e-04  2826s
 125   4.78138154e+07  4.78137642e+07  2.91e-01 1.90e-07  2.15e-04  2903s
 126   4.78138045e+07  4.78137686e+07  2.27e-01 1.12e-07  1.71e-04  2978s
 127   4.78138014e+07  4.78137681e+07  2.11e-01 1.04e-07  1.59e-04  3040s
 128   4.78137939e+07  4.78137667e+07  1.70e-01 3.53e-06  1.28e-04  3111s
 129   4.78137939e+07  4.78137667e+07  1.70e-01 3.53e-06  1.28e-04  3182s
 130   4.78137938e+07  4.78137667e+07  1.70e-01 3.48e-06  1.28e-04  3323s
 131   4.78137938e+07  4.78137667e+07  1.70e-01 3.48e-06  1.28e-04  3417s
 132   4.78137938e+07  4.78137667e+07  1.70e-01 3.45e-06  1.28e-04  3492s
 133   4.78137938e+07  4.78137667e+07  1.70e-01 3.45e-06  1.28e-04  3563s
 134   4.78137877e+07  4.78137672e+07  1.29e-01 2.46e-06  1.01e-04  3629s
 135   4.78137877e+07  4.78137672e+07  1.29e-01 2.46e-06  1.01e-04  3693s
 136   4.78137877e+07  4.78137672e+07  1.29e-01 2.46e-06  1.01e-04  3747s
 137   4.78137877e+07  4.78137672e+07  1.29e-01 2.45e-06  1.01e-04  3794s
 138   4.78137868e+07  4.78137672e+07  1.23e-01 2.37e-06  9.68e-05  3852s
 139   4.78137764e+07  4.78137654e+07  7.22e-02 1.59e-06  5.80e-05  3893s
 140   4.78137764e+07  4.78137654e+07  7.22e-02 1.59e-06  5.80e-05  3954s
 141   4.78137764e+07  4.78137654e+07  7.22e-02 1.59e-06  5.80e-05  4019s
 142   4.78137764e+07  4.78137654e+07  7.22e-02 1.59e-06  5.80e-05  4090s
 143   4.78137764e+07  4.78137654e+07  7.22e-02 1.59e-06  5.80e-05  4132s
 144   4.78137764e+07  4.78137654e+07  7.22e-02 1.59e-06  5.80e-05  4199s
 145   4.78137764e+07  4.78137654e+07  7.22e-02 1.59e-06  5.80e-05  4248s
 146   4.78137726e+07  4.78137649e+07  5.19e-02 1.34e-06  4.33e-05  4291s
 147   4.78137726e+07  4.78137649e+07  5.19e-02 1.34e-06  4.33e-05  4335s
 148   4.78137725e+07  4.78137648e+07  5.19e-02 1.22e-06  4.32e-05  4382s
 149   4.78137725e+07  4.78137648e+07  5.19e-02 1.22e-06  4.32e-05  4431s
 150   4.78137725e+07  4.78137648e+07  5.19e-02 1.22e-06  4.32e-05  4487s
 151   4.78137725e+07  4.78137648e+07  5.19e-02 1.22e-06  4.32e-05  4540s
 152   4.78137725e+07  4.78137648e+07  5.14e-02 1.20e-06  4.28e-05  4587s
 153   4.78137725e+07  4.78137648e+07  5.14e-02 1.20e-06  4.28e-05  4639s
 154   4.78137724e+07  4.78137647e+07  5.12e-02 1.19e-06  4.27e-05  4720s
 155   4.78137724e+07  4.78137647e+07  5.12e-02 1.19e-06  4.27e-05  4769s
 156   4.78137724e+07  4.78137647e+07  5.12e-02 1.18e-06  4.26e-05  4845s

Barrier solved model in 156 iterations and 4845.06 seconds
Optimal objective 4.78137922e+07


User-callback calls 267198, time in user-callback 1.59 sec
ERROR: LoadError: SystemError: opening file "/home/users/xxu346/BRIDGES/output/20220208-211100_N_periods_6/NetworkColdMidbiomethaneLowindustrialsLowbuildingretrofitsNodalGasQualityApplianceResults_WithAppDecisionsNoOffsetsNoGasDistRetMidCostElecMidCostGasMidNETsCost.csv": No such file or directory
Stacktrace:
  [1] systemerror(p::String, errno::Int32; extrainfo::Nothing)
    @ Base ./error.jl:168
  [2] #systemerror#62
    @ ./error.jl:167 [inlined]
  [3] systemerror
    @ ./error.jl:167 [inlined]
  [4] open(fname::String; lock::Bool, read::Nothing, write::Nothing, create::Nothing, truncate::Bool, append::Nothing)
    @ Base ./iostream.jl:293
  [5] open(fname::String, mode::String; lock::Bool)
    @ Base ./iostream.jl:355
  [6] open(fname::String, mode::String)
    @ Base ./iostream.jl:355
  [7] with(f::CSV.var"#93#94"{Bool, Bool, Tables.Schema{(:Column1, :Column2, :Column3, :Column4, :Column5, :Column6, :Column7, :Column8, :Column9, :Column10, :Column11, :Column12, :Column13, :Column14, :Column15), NTuple{15, Float64}}, Tables.MatrixRowTable{LinearAlgebra.Adjoint{Float64, Matrix{Float64}}}, CSV.Options{UInt8, UInt8, Nothing, Tuple{}, typeof(CSV._identity)}, Vector{UInt8}, Int64, Int64, NTuple{15, Symbol}}, io::Any, append::Bool, compress::Bool)
    @ CSV ~/.julia/packages/CSV/0Elut/src/write.jl:295
  [8] #write#92
    @ ~/.julia/packages/CSV/0Elut/src/write.jl:225 [inlined]
  [9] write(file::String, itr::Tables.MatrixTable{LinearAlgebra.Adjoint{Float64, Matrix{Float64}}}; delim::Char, quotechar::Char, openquotechar::Nothing, closequotechar::Nothing, escapechar::Char, newline::Char, decimal::Char, dateformat::Nothing, quotestrings::Bool, missingstring::String, transform::typeof(CSV._identity), bom::Bool, append::Bool, compress::Bool, writeheader::Bool, partition::Bool, kwargs::Base.Iterators.Pairs{Union{}, Union{}, Tuple{}, NamedTuple{(), Tuple{}}})
    @ CSV ~/.julia/packages/CSV/0Elut/src/write.jl:210
 [10] top-level scope
    @ ~/BRIDGES/BRIDGES_v0.jl:1833
in expression starting at /home/users/xxu346/BRIDGES/BRIDGES_v0.jl:1833
srun: error: sh03-04n55: task 0: Exited with exit code 1
srun: launch/slurm: _step_signal: Terminating StepId=44805869.0
