  Installing known registries into `~/.julia`
       Added registry `General` to `~/.julia/registries/General`
   Resolving package versions...
   Installed Formatting ────────────────── v0.4.2
   Installed DataValueInterfaces ───────── v1.0.0
   Installed Compat ────────────────────── v3.41.0
   Installed Crayons ───────────────────── v4.1.1
   Installed SortingAlgorithms ─────────── v1.0.1
   Installed OrderedCollections ────────── v1.4.1
   Installed IteratorInterfaceExtensions ─ v1.0.0
   Installed DataAPI ───────────────────── v1.9.0
   Installed PooledArrays ──────────────── v1.4.0
   Installed InvertedIndices ───────────── v1.1.0
   Installed Tables ────────────────────── v1.6.1
   Installed DataFrames ────────────────── v1.3.2
   Installed Reexport ──────────────────── v1.2.2
   Installed DataStructures ────────────── v0.18.11
   Installed TableTraits ───────────────── v1.0.1
   Installed Missings ──────────────────── v1.0.2
   Installed PrettyTables ──────────────── v1.3.1
    Updating `~/.julia/environments/v1.6/Project.toml`
  [a93c6f00] + DataFrames v1.3.2
    Updating `~/.julia/environments/v1.6/Manifest.toml`
  [34da2185] + Compat v3.41.0
  [a8cc5b0e] + Crayons v4.1.1
  [9a962f9c] + DataAPI v1.9.0
  [a93c6f00] + DataFrames v1.3.2
  [864edb3b] + DataStructures v0.18.11
  [e2d170a0] + DataValueInterfaces v1.0.0
  [59287772] + Formatting v0.4.2
  [41ab1584] + InvertedIndices v1.1.0
  [82899510] + IteratorInterfaceExtensions v1.0.0
  [e1d29d7a] + Missings v1.0.2
  [bac558e1] + OrderedCollections v1.4.1
  [2dfb63ee] + PooledArrays v1.4.0
  [08abe8d2] + PrettyTables v1.3.1
  [189a3867] + Reexport v1.2.2
  [a2af1166] + SortingAlgorithms v1.0.1
  [3783bdb8] + TableTraits v1.0.1
  [bd369af6] + Tables v1.6.1
  [0dad84c5] + ArgTools
  [56f22d72] + Artifacts
  [2a0f44e3] + Base64
  [ade2ca70] + Dates
  [8bb1440f] + DelimitedFiles
  [8ba89e20] + Distributed
  [f43a241f] + Downloads
  [9fa8497b] + Future
  [b77e0a4c] + InteractiveUtils
  [b27032c2] + LibCURL
  [76f85450] + LibGit2
  [8f399da3] + Libdl
  [37e2e46d] + LinearAlgebra
  [56ddb016] + Logging
  [d6f4376e] + Markdown
  [a63ad114] + Mmap
  [ca575930] + NetworkOptions
  [44cfe95a] + Pkg
  [de0858da] + Printf
  [3fa0cd96] + REPL
  [9a3f8284] + Random
  [ea8e919c] + SHA
  [9e88b42a] + Serialization
  [1a1011a3] + SharedArrays
  [6462fe0b] + Sockets
  [2f01184e] + SparseArrays
  [10745b16] + Statistics
  [fa267f1f] + TOML
  [a4e569a6] + Tar
  [8dfed614] + Test
  [cf7118a7] + UUIDs
  [4ec0a83e] + Unicode
  [deac9b47] + LibCURL_jll
  [29816b5a] + LibSSH2_jll
  [c8ffd9c3] + MbedTLS_jll
  [14a3606d] + MozillaCACerts_jll
  [83775a58] + Zlib_jll
  [8e850ede] + nghttp2_jll
  [3f19e933] + p7zip_jll
Precompiling project...
[32m  ✓ [39m[90mReexport[39m
[32m  ✓ [39m[90mDataAPI[39m
[32m  ✓ [39m[90mZlib_jll[39m
[32m  ✓ [39m[90mDataValueInterfaces[39m
[32m  ✓ [39m[90mMbedTLS_jll[39m
[32m  ✓ [39m[90mOrderedCollections[39m
[32m  ✓ [39m[90mInvertedIndices[39m
[32m  ✓ [39m[90mIteratorInterfaceExtensions[39m
[32m  ✓ [39m[90mLibSSH2_jll[39m
[32m  ✓ [39m[90mFormatting[39m
[32m  ✓ [39m[90mPooledArrays[39m
[32m  ✓ [39m[90mMissings[39m
[32m  ✓ [39m[90mTableTraits[39m
[32m  ✓ [39m[90mCompat[39m
[32m  ✓ [39m[90mCrayons[39m
[32m  ✓ [39m[90mTables[39m
[32m  ✓ [39m[90mDataStructures[39m
[32m  ✓ [39m[90mSortingAlgorithms[39m
[32m  ✓ [39m[90mPrettyTables[39m
[32m  ✓ [39mDataFrames
  20 dependencies successfully precompiled in 26 seconds
   Resolving package versions...
   Installed CodecZlib ────────── v0.7.0
   Installed WeakRefStrings ───── v1.4.1
   Installed InlineStrings ────── v1.1.1
   Installed SentinelArrays ───── v1.3.11
   Installed Parsers ──────────── v2.2.0
   Installed FilePathsBase ────── v0.9.17
   Installed TranscodingStreams ─ v0.9.6
   Installed CSV ──────────────── v0.10.2
    Updating `~/.julia/environments/v1.6/Project.toml`
  [336ed68f] + CSV v0.10.2
    Updating `~/.julia/environments/v1.6/Manifest.toml`
  [336ed68f] + CSV v0.10.2
  [944b1d66] + CodecZlib v0.7.0
  [48062228] + FilePathsBase v0.9.17
  [842dd82b] + InlineStrings v1.1.1
  [69de0a69] + Parsers v2.2.0
  [91c51154] + SentinelArrays v1.3.11
  [3bb67fe8] + TranscodingStreams v0.9.6
  [ea10d353] + WeakRefStrings v1.4.1
Precompiling project...
[32m  ✓ [39m[90mTranscodingStreams[39m
[32m  ✓ [39m[90mSentinelArrays[39m
[32m  ✓ [39m[90mCodecZlib[39m
[32m  ✓ [39m[90mFilePathsBase[39m
[32m  ✓ [39m[90mParsers[39m
[32m  ✓ [39m[90mInlineStrings[39m
[32m  ✓ [39m[90mWeakRefStrings[39m
[32m  ✓ [39mCSV
  8 dependencies successfully precompiled in 9 seconds (20 already precompiled)
   Resolving package versions...
   Installed LogExpFunctions ───── v0.3.6
   Installed Distances ─────────── v0.10.7
   Installed NearestNeighbors ──── v0.4.9
   Installed StaticArrays ──────── v1.3.3
   Installed StatsBase ─────────── v0.33.14
   Installed DocStringExtensions ─ v0.8.6
   Installed ChainRulesCore ────── v1.11.6
   Installed Clustering ────────── v0.14.2
   Installed InverseFunctions ──── v0.1.2
   Installed StatsAPI ──────────── v1.2.0
   Installed IrrationalConstants ─ v0.1.1
   Installed ChangesOfVariables ── v0.1.2
    Updating `~/.julia/environments/v1.6/Project.toml`
  [aaaa29a8] + Clustering v0.14.2
    Updating `~/.julia/environments/v1.6/Manifest.toml`
  [d360d2e6] + ChainRulesCore v1.11.6
  [9e997f8a] + ChangesOfVariables v0.1.2
  [aaaa29a8] + Clustering v0.14.2
  [b4f34e82] + Distances v0.10.7
  [ffbed154] + DocStringExtensions v0.8.6
  [3587e190] + InverseFunctions v0.1.2
  [92d709cd] + IrrationalConstants v0.1.1
  [2ab3a3ac] + LogExpFunctions v0.3.6
  [b8a86587] + NearestNeighbors v0.4.9
  [90137ffa] + StaticArrays v1.3.3
  [82ae8749] + StatsAPI v1.2.0
  [2913bbd2] + StatsBase v0.33.14
Precompiling project...
[32m  ✓ [39m[90mStatsAPI[39m
[32m  ✓ [39m[90mInverseFunctions[39m
[32m  ✓ [39m[90mDocStringExtensions[39m
[32m  ✓ [39m[90mIrrationalConstants[39m
[32m  ✓ [39m[90mDistances[39m
[32m  ✓ [39m[90mChainRulesCore[39m
[32m  ✓ [39m[90mChangesOfVariables[39m
[32m  ✓ [39m[90mLogExpFunctions[39m
[32m  ✓ [39m[90mStaticArrays[39m
[32m  ✓ [39m[90mStatsBase[39m
[32m  ✓ [39m[90mNearestNeighbors[39m
[32m  ✓ [39mClustering
  12 dependencies successfully precompiled in 9 seconds (28 already precompiled)
   Resolving package versions...
   Installed Bzip2_jll ──────────── v1.0.8+0
   Installed OpenSpecFun_jll ────── v0.5.5+0
   Installed CodecBzip2 ─────────── v0.7.2
   Installed MacroTools ─────────── v0.5.9
   Installed Calculus ───────────── v0.5.1
   Installed ForwardDiff ────────── v0.10.25
   Installed DiffResults ────────── v1.0.3
   Installed NaNMath ────────────── v0.3.6
   Installed BenchmarkTools ─────── v1.2.2
   Installed MutableArithmetics ─── v0.3.2
   Installed SpecialFunctions ───── v2.1.0
   Installed Preferences ────────── v1.2.3
   Installed JuMP ───────────────── v0.22.2
   Installed JLLWrappers ────────── v1.4.0
   Installed CommonSubexpressions ─ v0.3.0
   Installed DiffRules ──────────── v1.9.0
   Installed JSON ───────────────── v0.21.2
   Installed MathOptInterface ───── v0.10.7
    Updating `~/.julia/environments/v1.6/Project.toml`
  [4076af6c] + JuMP v0.22.2
    Updating `~/.julia/environments/v1.6/Manifest.toml`
  [6e4b80f9] + BenchmarkTools v1.2.2
  [49dc2e85] + Calculus v0.5.1
  [523fee87] + CodecBzip2 v0.7.2
  [bbf7d656] + CommonSubexpressions v0.3.0
  [163ba53b] + DiffResults v1.0.3
  [b552c78f] + DiffRules v1.9.0
  [f6369f11] + ForwardDiff v0.10.25
  [692b3bcd] + JLLWrappers v1.4.0
  [682c06a0] + JSON v0.21.2
  [4076af6c] + JuMP v0.22.2
  [1914dd2f] + MacroTools v0.5.9
  [b8f27783] + MathOptInterface v0.10.7
  [d8a4904e] + MutableArithmetics v0.3.2
  [77ba4419] + NaNMath v0.3.6
  [21216c6a] + Preferences v1.2.3
  [276daf66] + SpecialFunctions v2.1.0
  [6e34b625] + Bzip2_jll v1.0.8+0
  [efe28fd5] + OpenSpecFun_jll v0.5.5+0
  [9abbd945] + Profile
  [e66e0078] + CompilerSupportLibraries_jll
  [05823500] + OpenLibm_jll
Precompiling project...
[32m  ✓ [39m[90mPreferences[39m
[32m  ✓ [39m[90mCompilerSupportLibraries_jll[39m
[32m  ✓ [39m[90mNaNMath[39m
[32m  ✓ [39m[90mOpenLibm_jll[39m
[32m  ✓ [39m[90mCalculus[39m
[32m  ✓ [39m[90mJLLWrappers[39m
[32m  ✓ [39m[90mJSON[39m
[32m  ✓ [39m[90mDiffResults[39m
[32m  ✓ [39m[90mMacroTools[39m
[32m  ✓ [39m[90mBzip2_jll[39m
[32m  ✓ [39m[90mOpenSpecFun_jll[39m
[32m  ✓ [39m[90mBenchmarkTools[39m
[32m  ✓ [39m[90mCodecBzip2[39m
[32m  ✓ [39m[90mCommonSubexpressions[39m
[32m  ✓ [39m[90mMutableArithmetics[39m
[32m  ✓ [39m[90mSpecialFunctions[39m
[32m  ✓ [39m[90mDiffRules[39m
[32m  ✓ [39m[90mForwardDiff[39m
[32m  ✓ [39m[90mMathOptInterface[39m
[32m  ✓ [39mJuMP
  20 dependencies successfully precompiled in 53 seconds (40 already precompiled)
   Resolving package versions...
    Updating `~/.julia/environments/v1.6/Project.toml`
  [b4f34e82] + Distances v0.10.7
  No Changes to `~/.julia/environments/v1.6/Manifest.toml`
   Resolving package versions...
   Installed CEnum ── v0.4.1
   Installed Gurobi ─ v0.10.1
    Updating `~/.julia/environments/v1.6/Project.toml`
  [2e9cd046] + Gurobi v0.10.1
    Updating `~/.julia/environments/v1.6/Manifest.toml`
  [fa961155] + CEnum v0.4.1
  [2e9cd046] + Gurobi v0.10.1
    Building Gurobi → `~/.julia/scratchspaces/44cfe95a-1eb2-52ea-b672-e2afdf69b78f/c34bc1d66fc8251f94338c016e4ad0ac50dfbe73/build.log`
Precompiling project...
[32m  ✓ [39m[90mCEnum[39m
[32m  ✓ [39mGurobi
  2 dependencies successfully precompiled in 4 seconds (60 already precompiled)
   Resolving package versions...
    Updating `~/.julia/environments/v1.6/Project.toml`
  [bd369af6] + Tables v1.6.1
  No Changes to `~/.julia/environments/v1.6/Manifest.toml`
Network 
Cold
WithAppDecisions
MidEI
MidBuild
Nodal GasQuality
Mid Biomethane
Low Industrials
Low buildingretrofits
NoOffsets
NoGasDistRet
Mid Cost Clean Elec
Mid Cost Clean Gas
Estimated Revenue Requirement = 19900000 per year
Estimated Ratebase = 1.3776923076923075e8
BAU Gas Costs = 1.954491862568545e7
ShutDown Gas Costs = [3.0125538461538464e7, 0.0, 0.0, 0.0, 0.0]
BAU Gas Costs = 1.9110412500855714e7
ShutDown Gas Costs = [2.3746405594405595e7, 8.216055944055943e6, 0.0, 0.0, 0.0]
BAU Gas Costs = 1.8686660944391694e7
ShutDown Gas Costs = [1.9149923076923072e7, 1.0883769230769228e7, 3.765692307692308e6, 0.0, 0.0]
BAU Gas Costs = 1.8273397767316706e7
ShutDown Gas Costs = [1.6322373626373624e7, 1.0942813186813187e7, 6.219296703296704e6, 2.1518241758241765e6, 0.0]
┌ Warning: Axis contains one element: 1. If intended, you can safely ignore this warning. To explicitly pass the axis with one element, pass `[1]` instead of `1`.
└ @ JuMP.Containers ~/.julia/packages/JuMP/lnUbA/src/Containers/DenseAxisArray.jl:166
┌ Warning: Axis contains one element: 1. If intended, you can safely ignore this warning. To explicitly pass the axis with one element, pass `[1]` instead of `1`.
└ @ JuMP.Containers ~/.julia/packages/JuMP/lnUbA/src/Containers/DenseAxisArray.jl:166
┌ Warning: Axis contains one element: 1. If intended, you can safely ignore this warning. To explicitly pass the axis with one element, pass `[1]` instead of `1`.
└ @ JuMP.Containers ~/.julia/packages/JuMP/lnUbA/src/Containers/DenseAxisArray.jl:166
┌ Warning: Axis contains one element: 1. If intended, you can safely ignore this warning. To explicitly pass the axis with one element, pass `[1]` instead of `1`.
└ @ JuMP.Containers ~/.julia/packages/JuMP/lnUbA/src/Containers/DenseAxisArray.jl:166
┌ Warning: Axis contains one element: 1. If intended, you can safely ignore this warning. To explicitly pass the axis with one element, pass `[1]` instead of `1`.
└ @ JuMP.Containers ~/.julia/packages/JuMP/lnUbA/src/Containers/DenseAxisArray.jl:166
┌ Warning: Axis contains one element: 1. If intended, you can safely ignore this warning. To explicitly pass the axis with one element, pass `[1]` instead of `1`.
└ @ JuMP.Containers ~/.julia/packages/JuMP/lnUbA/src/Containers/DenseAxisArray.jl:166
┌ Warning: Axis contains one element: 1. If intended, you can safely ignore this warning. To explicitly pass the axis with one element, pass `[1]` instead of `1`.
└ @ JuMP.Containers ~/.julia/packages/JuMP/lnUbA/src/Containers/DenseAxisArray.jl:166
┌ Warning: Axis contains one element: 1. If intended, you can safely ignore this warning. To explicitly pass the axis with one element, pass `[1]` instead of `1`.
└ @ JuMP.Containers ~/.julia/packages/JuMP/lnUbA/src/Containers/DenseAxisArray.jl:166
┌ Warning: Axis contains one element: 1. If intended, you can safely ignore this warning. To explicitly pass the axis with one element, pass `[1]` instead of `1`.
└ @ JuMP.Containers ~/.julia/packages/JuMP/lnUbA/src/Containers/DenseAxisArray.jl:166
slurmstepd: error: Detected 1 oom-kill event(s) in StepId=43925538.0. Some of your processes may have been killed by the cgroup out-of-memory handler.
srun: error: sh03-04n44: task 0: Out Of Memory
srun: launch/slurm: _step_signal: Terminating StepId=43925538.0
slurmstepd: error: Detected 1 oom-kill event(s) in StepId=43925538.batch. Some of your processes may have been killed by the cgroup out-of-memory handler.
